<?xml version="1.0" encoding="UTF-8"?>
<testng-results ignored="0" total="1" passed="1" failed="0" skipped="0">
  <reporter-output>
  </reporter-output>
  <suite started-at="2020-03-24T22:50:00 EDT" name="orangehrmLoginpage" finished-at="2020-03-24T22:50:13 EDT" duration-ms="12998">
    <groups>
    </groups>
    <test started-at="2020-03-24T22:50:00 EDT" name="logintest" finished-at="2020-03-24T22:50:13 EDT" duration-ms="12998">
      <class name="com.testcases.TC_Logintest_001">
        <test-method is-config="true" signature="setup(java.lang.String)[pri:0, instance:com.testcases.TC_Logintest_001@4df50bcc]" started-at="2020-03-24T22:50:01 EDT" name="setup" finished-at="2020-03-24T22:50:08 EDT" duration-ms="7591" status="PASS">
          <params>
            <param index="0">
              <value>
                <![CDATA[chrome]]>
              </value>
            </param>
          </params>
          <reporter-output>
          </reporter-output>
        </test-method> <!-- setup -->
        <test-method signature="logintest()[pri:0, instance:com.testcases.TC_Logintest_001@4df50bcc]" started-at="2020-03-24T22:50:09 EDT" name="logintest" finished-at="2020-03-24T22:50:13 EDT" duration-ms="3966" status="PASS">
          <reporter-output>
          </reporter-output>
        </test-method> <!-- logintest -->
        <test-method is-config="true" signature="teardown()[pri:0, instance:com.testcases.TC_Logintest_001@4df50bcc]" started-at="2020-03-24T22:50:13 EDT" name="teardown" finished-at="2020-03-24T22:50:13 EDT" duration-ms="763" status="PASS">
          <reporter-output>
          </reporter-output>
        </test-method> <!-- teardown -->
      </class> <!-- com.testcases.TC_Logintest_001 -->
    </test> <!-- logintest -->
  </suite> <!-- orangehrmLoginpage -->
</testng-results>
